# JRE version: OpenJDK Runtime Environment (8.0_292-b10) (build 1.8.0_292-8u292-b10-0ubuntu1~18.04-b10)
# Java VM: OpenJDK 64-Bit Server VM (25.292-b10 mixed mode linux-amd64 compressed oops)
Heap:
 PSYoungGen      total 179200K, used 30408K [0x0000000719180000, 0x0000000725c80000, 0x00000007c0000000)
  eden space 158208K, 19% used [0x0000000719180000,0x000000071af32118,0x0000000722c00000)
  from space 20992K, 0% used [0x0000000724080000,0x0000000724080000,0x0000000725500000)
  to   space 20992K, 0% used [0x0000000722c00000,0x0000000722c00000,0x0000000724080000)
 ParOldGen       total 416256K, used 19371K [0x00000005cb400000, 0x00000005e4a80000, 0x0000000719180000)
  object space 416256K, 4% used [0x00000005cb400000,0x00000005cc6eade0,0x00000005e4a80000)
 Metaspace       used 35821K, capacity 36756K, committed 36824K, reserved 1081344K
  class space    used 4441K, capacity 4704K, committed 4736K, reserved 1048576K
GC Heap History (10 events):
Event: 2.215 GC heap before
{Heap before GC invocations=2 (full 0):
 PSYoungGen      total 150016K, used 59408K [0x0000000719180000, 0x0000000723880000, 0x00000007c0000000)
  eden space 129024K, 35% used [0x0000000719180000,0x000000071be07018,0x0000000720f80000)
  from space 20992K, 65% used [0x0000000720f80000,0x0000000721cfd2c0,0x0000000722400000)
  to   space 20992K, 0% used [0x0000000722400000,0x0000000722400000,0x0000000723880000)
 ParOldGen       total 343040K, used 16K [0x00000005cb400000, 0x00000005e0300000, 0x0000000719180000)
  object space 343040K, 0% used [0x00000005cb400000,0x00000005cb404000,0x00000005e0300000)
 Metaspace       used 20684K, capacity 21118K, committed 21248K, reserved 1067008K
  class space    used 2603K, capacity 2765K, committed 2816K, reserved 1048576K
Event: 2.223 GC heap after
Heap after GC invocations=2 (full 0):
 PSYoungGen      total 150016K, used 10777K [0x0000000719180000, 0x000000072b680000, 0x00000007c0000000)
  eden space 129024K, 0% used [0x0000000719180000,0x0000000719180000,0x0000000720f80000)
  from space 20992K, 51% used [0x0000000722400000,0x0000000722e86630,0x0000000723880000)
  to   space 20992K, 0% used [0x0000000720f80000,0x0000000720f80000,0x0000000722400000)
 ParOldGen       total 343040K, used 24K [0x00000005cb400000, 0x00000005e0300000, 0x0000000719180000)
  object space 343040K, 0% used [0x00000005cb400000,0x00000005cb406000,0x00000005e0300000)
 Metaspace       used 20684K, capacity 21118K, committed 21248K, reserved 1067008K
  class space    used 2603K, capacity 2765K, committed 2816K, reserved 1048576K
}
Event: 2.223 GC heap before
{Heap before GC invocations=3 (full 1):
 PSYoungGen      total 150016K, used 10777K [0x0000000719180000, 0x000000072b680000, 0x00000007c0000000)
  eden space 129024K, 0% used [0x0000000719180000,0x0000000719180000,0x0000000720f80000)
  from space 20992K, 51% used [0x0000000722400000,0x0000000722e86630,0x0000000723880000)
  to   space 20992K, 0% used [0x0000000720f80000,0x0000000720f80000,0x0000000722400000)
 ParOldGen       total 343040K, used 24K [0x00000005cb400000, 0x00000005e0300000, 0x0000000719180000)
  object space 343040K, 0% used [0x00000005cb400000,0x00000005cb406000,0x00000005e0300000)
 Metaspace       used 20684K, capacity 21118K, committed 21248K, reserved 1067008K
  class space    used 2603K, capacity 2765K, committed 2816K, reserved 1048576K
Event: 2.304 GC heap after
Heap after GC invocations=3 (full 1):
 PSYoungGen      total 150016K, used 0K [0x0000000719180000, 0x000000072b680000, 0x00000007c0000000)
  eden space 129024K, 0% used [0x0000000719180000,0x0000000719180000,0x0000000720f80000)
  from space 20992K, 0% used [0x0000000722400000,0x0000000722400000,0x0000000723880000)
  to   space 20992K, 0% used [0x0000000720f80000,0x0000000720f80000,0x0000000722400000)
 ParOldGen       total 235520K, used 10492K [0x00000005cb400000, 0x00000005d9a00000, 0x0000000719180000)
  object space 235520K, 4% used [0x00000005cb400000,0x00000005cbe3f100,0x00000005d9a00000)
 Metaspace       used 20684K, capacity 21118K, committed 21248K, reserved 1067008K
  class space    used 2603K, capacity 2765K, committed 2816K, reserved 1048576K
}
Event: 3.369 GC heap before
{Heap before GC invocations=4 (full 1):
 PSYoungGen      total 150016K, used 129024K [0x0000000719180000, 0x000000072b680000, 0x00000007c0000000)
  eden space 129024K, 100% used [0x0000000719180000,0x0000000720f80000,0x0000000720f80000)
  from space 20992K, 0% used [0x0000000722400000,0x0000000722400000,0x0000000723880000)
  to   space 20992K, 0% used [0x0000000720f80000,0x0000000720f80000,0x0000000722400000)
 ParOldGen       total 235520K, used 10492K [0x00000005cb400000, 0x00000005d9a00000, 0x0000000719180000)
  object space 235520K, 4% used [0x00000005cb400000,0x00000005cbe3f100,0x00000005d9a00000)
 Metaspace       used 28368K, capacity 28854K, committed 29056K, reserved 1075200K
  class space    used 3541K, capacity 3699K, committed 3712K, reserved 1048576K
Event: 3.376 GC heap after
Heap after GC invocations=4 (full 1):
 PSYoungGen      total 150016K, used 9406K [0x0000000719180000, 0x0000000725500000, 0x00000007c0000000)
  eden space 129024K, 0% used [0x0000000719180000,0x0000000719180000,0x0000000720f80000)
  from space 20992K, 44% used [0x0000000720f80000,0x00000007218af880,0x0000000722400000)
  to   space 20992K, 0% used [0x0000000724080000,0x0000000724080000,0x0000000725500000)
 ParOldGen       total 235520K, used 10500K [0x00000005cb400000, 0x00000005d9a00000, 0x0000000719180000)
  object space 235520K, 4% used [0x00000005cb400000,0x00000005cbe41100,0x00000005d9a00000)
 Metaspace       used 28368K, capacity 28854K, committed 29056K, reserved 1075200K
  class space    used 3541K, capacity 3699K, committed 3712K, reserved 1048576K
}
Event: 4.211 GC heap before
{Heap before GC invocations=5 (full 1):
 PSYoungGen      total 150016K, used 99551K [0x0000000719180000, 0x0000000725500000, 0x00000007c0000000)
  eden space 129024K, 69% used [0x0000000719180000,0x000000071e9883d0,0x0000000720f80000)
  from space 20992K, 44% used [0x0000000720f80000,0x00000007218af880,0x0000000722400000)
  to   space 20992K, 0% used [0x0000000724080000,0x0000000724080000,0x0000000725500000)
 ParOldGen       total 235520K, used 10500K [0x00000005cb400000, 0x00000005d9a00000, 0x0000000719180000)
  object space 235520K, 4% used [0x00000005cb400000,0x00000005cbe41100,0x00000005d9a00000)
 Metaspace       used 34530K, capacity 35234K, committed 35416K, reserved 1081344K
  class space    used 4256K, capacity 4483K, committed 4608K, reserved 1048576K
Event: 4.233 GC heap after
Heap after GC invocations=5 (full 1):
 PSYoungGen      total 179200K, used 11494K [0x0000000719180000, 0x0000000725c80000, 0x00000007c0000000)
  eden space 158208K, 0% used [0x0000000719180000,0x0000000719180000,0x0000000722c00000)
  from space 20992K, 54% used [0x0000000724080000,0x0000000724bb9998,0x0000000725500000)
  to   space 20992K, 0% used [0x0000000722c00000,0x0000000722c00000,0x0000000724080000)
 ParOldGen       total 235520K, used 10508K [0x00000005cb400000, 0x00000005d9a00000, 0x0000000719180000)
  object space 235520K, 4% used [0x00000005cb400000,0x00000005cbe43100,0x00000005d9a00000)
 Metaspace       used 34530K, capacity 35234K, committed 35416K, reserved 1081344K
  class space    used 4256K, capacity 4483K, committed 4608K, reserved 1048576K
}
Event: 4.233 GC heap before
{Heap before GC invocations=6 (full 2):
 PSYoungGen      total 179200K, used 11494K [0x0000000719180000, 0x0000000725c80000, 0x00000007c0000000)
  eden space 158208K, 0% used [0x0000000719180000,0x0000000719180000,0x0000000722c00000)
  from space 20992K, 54% used [0x0000000724080000,0x0000000724bb9998,0x0000000725500000)
  to   space 20992K, 0% used [0x0000000722c00000,0x0000000722c00000,0x0000000724080000)
 ParOldGen       total 235520K, used 10508K [0x00000005cb400000, 0x00000005d9a00000, 0x0000000719180000)
  object space 235520K, 4% used [0x00000005cb400000,0x00000005cbe43100,0x00000005d9a00000)
 Metaspace       used 34530K, capacity 35234K, committed 35416K, reserved 1081344K
  class space    used 4256K, capacity 4483K, committed 4608K, reserved 1048576K
Event: 4.346 GC heap after
Heap after GC invocations=6 (full 2):
 PSYoungGen      total 179200K, used 0K [0x0000000719180000, 0x0000000725c80000, 0x00000007c0000000)
  eden space 158208K, 0% used [0x0000000719180000,0x0000000719180000,0x0000000722c00000)
  from space 20992K, 0% used [0x0000000724080000,0x0000000724080000,0x0000000725500000)
  to   space 20992K, 0% used [0x0000000722c00000,0x0000000722c00000,0x0000000724080000)
 ParOldGen       total 416256K, used 19371K [0x00000005cb400000, 0x00000005e4a80000, 0x0000000719180000)
  object space 416256K, 4% used [0x00000005cb400000,0x00000005cc6eade0,0x00000005e4a80000)
 Metaspace       used 34530K, capacity 35234K, committed 35416K, reserved 1081344K
  class space    used 4256K, capacity 4483K, committed 4608K, reserved 1048576K
}

