# JRE version: OpenJDK Runtime Environment (8.0_292-b10) (build 1.8.0_292-8u292-b10-0ubuntu1~18.04-b10)
# Java VM: OpenJDK 64-Bit Server VM (25.292-b10 mixed mode linux-amd64 compressed oops)
Heap:
 PSYoungGen      total 204288K, used 36182K [0x0000000719180000, 0x0000000727200000, 0x00000007c0000000)
  eden space 183296K, 19% used [0x0000000719180000,0x000000071b4d5b50,0x0000000724480000)
  from space 20992K, 0% used [0x0000000725900000,0x0000000725900000,0x0000000726d80000)
  to   space 20992K, 0% used [0x0000000724480000,0x0000000724480000,0x0000000725900000)
 ParOldGen       total 353280K, used 20427K [0x00000005cb400000, 0x00000005e0d00000, 0x0000000719180000)
  object space 353280K, 5% used [0x00000005cb400000,0x00000005cc7f2db0,0x00000005e0d00000)
 Metaspace       used 36014K, capacity 36916K, committed 37080K, reserved 1081344K
  class space    used 4463K, capacity 4708K, committed 4736K, reserved 1048576K
GC Heap History (10 events):
Event: 1.065 GC heap before
{Heap before GC invocations=2 (full 0):
 PSYoungGen      total 150016K, used 73568K [0x0000000719180000, 0x0000000723880000, 0x00000007c0000000)
  eden space 129024K, 42% used [0x0000000719180000,0x000000071c6cf820,0x0000000720f80000)
  from space 20992K, 90% used [0x0000000720f80000,0x0000000722208a98,0x0000000722400000)
  to   space 20992K, 0% used [0x0000000722400000,0x0000000722400000,0x0000000723880000)
 ParOldGen       total 343040K, used 16K [0x00000005cb400000, 0x00000005e0300000, 0x0000000719180000)
  object space 343040K, 0% used [0x00000005cb400000,0x00000005cb404000,0x00000005e0300000)
 Metaspace       used 20786K, capacity 21186K, committed 21248K, reserved 1067008K
  class space    used 2634K, capacity 2805K, committed 2816K, reserved 1048576K
Event: 1.070 GC heap after
Heap after GC invocations=2 (full 0):
 PSYoungGen      total 150016K, used 11853K [0x0000000719180000, 0x000000072b680000, 0x00000007c0000000)
  eden space 129024K, 0% used [0x0000000719180000,0x0000000719180000,0x0000000720f80000)
  from space 20992K, 56% used [0x0000000722400000,0x0000000722f936b8,0x0000000723880000)
  to   space 20992K, 0% used [0x0000000720f80000,0x0000000720f80000,0x0000000722400000)
 ParOldGen       total 343040K, used 24K [0x00000005cb400000, 0x00000005e0300000, 0x0000000719180000)
  object space 343040K, 0% used [0x00000005cb400000,0x00000005cb406000,0x00000005e0300000)
 Metaspace       used 20786K, capacity 21186K, committed 21248K, reserved 1067008K
  class space    used 2634K, capacity 2805K, committed 2816K, reserved 1048576K
}
Event: 1.070 GC heap before
{Heap before GC invocations=3 (full 1):
 PSYoungGen      total 150016K, used 11853K [0x0000000719180000, 0x000000072b680000, 0x00000007c0000000)
  eden space 129024K, 0% used [0x0000000719180000,0x0000000719180000,0x0000000720f80000)
  from space 20992K, 56% used [0x0000000722400000,0x0000000722f936b8,0x0000000723880000)
  to   space 20992K, 0% used [0x0000000720f80000,0x0000000720f80000,0x0000000722400000)
 ParOldGen       total 343040K, used 24K [0x00000005cb400000, 0x00000005e0300000, 0x0000000719180000)
  object space 343040K, 0% used [0x00000005cb400000,0x00000005cb406000,0x00000005e0300000)
 Metaspace       used 20786K, capacity 21186K, committed 21248K, reserved 1067008K
  class space    used 2634K, capacity 2805K, committed 2816K, reserved 1048576K
Event: 1.087 GC heap after
Heap after GC invocations=3 (full 1):
 PSYoungGen      total 150016K, used 0K [0x0000000719180000, 0x000000072b680000, 0x00000007c0000000)
  eden space 129024K, 0% used [0x0000000719180000,0x0000000719180000,0x0000000720f80000)
  from space 20992K, 0% used [0x0000000722400000,0x0000000722400000,0x0000000723880000)
  to   space 20992K, 0% used [0x0000000720f80000,0x0000000720f80000,0x0000000722400000)
 ParOldGen       total 211456K, used 11513K [0x00000005cb400000, 0x00000005d8280000, 0x0000000719180000)
  object space 211456K, 5% used [0x00000005cb400000,0x00000005cbf3e4d8,0x00000005d8280000)
 Metaspace       used 20786K, capacity 21186K, committed 21248K, reserved 1067008K
  class space    used 2634K, capacity 2805K, committed 2816K, reserved 1048576K
}
Event: 1.536 GC heap before
{Heap before GC invocations=4 (full 1):
 PSYoungGen      total 150016K, used 129024K [0x0000000719180000, 0x000000072b680000, 0x00000007c0000000)
  eden space 129024K, 100% used [0x0000000719180000,0x0000000720f80000,0x0000000720f80000)
  from space 20992K, 0% used [0x0000000722400000,0x0000000722400000,0x0000000723880000)
  to   space 20992K, 0% used [0x0000000720f80000,0x0000000720f80000,0x0000000722400000)
 ParOldGen       total 211456K, used 11513K [0x00000005cb400000, 0x00000005d8280000, 0x0000000719180000)
  object space 211456K, 5% used [0x00000005cb400000,0x00000005cbf3e4d8,0x00000005d8280000)
 Metaspace       used 28554K, capacity 28986K, committed 29184K, reserved 1075200K
  class space    used 3563K, capacity 3739K, committed 3840K, reserved 1048576K
Event: 1.540 GC heap after
Heap after GC invocations=4 (full 1):
 PSYoungGen      total 150016K, used 9545K [0x0000000719180000, 0x0000000726d80000, 0x00000007c0000000)
  eden space 129024K, 0% used [0x0000000719180000,0x0000000719180000,0x0000000720f80000)
  from space 20992K, 45% used [0x0000000720f80000,0x00000007218d2420,0x0000000722400000)
  to   space 20992K, 0% used [0x0000000725900000,0x0000000725900000,0x0000000726d80000)
 ParOldGen       total 211456K, used 11521K [0x00000005cb400000, 0x00000005d8280000, 0x0000000719180000)
  object space 211456K, 5% used [0x00000005cb400000,0x00000005cbf404d8,0x00000005d8280000)
 Metaspace       used 28554K, capacity 28986K, committed 29184K, reserved 1075200K
  class space    used 3563K, capacity 3739K, committed 3840K, reserved 1048576K
}
Event: 1.882 GC heap before
{Heap before GC invocations=5 (full 1):
 PSYoungGen      total 150016K, used 105809K [0x0000000719180000, 0x0000000726d80000, 0x00000007c0000000)
  eden space 129024K, 74% used [0x0000000719180000,0x000000071ef81ff8,0x0000000720f80000)
  from space 20992K, 45% used [0x0000000720f80000,0x00000007218d2420,0x0000000722400000)
  to   space 20992K, 0% used [0x0000000725900000,0x0000000725900000,0x0000000726d80000)
 ParOldGen       total 211456K, used 11521K [0x00000005cb400000, 0x00000005d8280000, 0x0000000719180000)
  object space 211456K, 5% used [0x00000005cb400000,0x00000005cbf404d8,0x00000005d8280000)
 Metaspace       used 34519K, capacity 35218K, committed 35416K, reserved 1081344K
  class space    used 4254K, capacity 4493K, committed 4608K, reserved 1048576K
Event: 1.888 GC heap after
Heap after GC invocations=5 (full 1):
 PSYoungGen      total 204288K, used 11957K [0x0000000719180000, 0x0000000727200000, 0x00000007c0000000)
  eden space 183296K, 0% used [0x0000000719180000,0x0000000719180000,0x0000000724480000)
  from space 20992K, 56% used [0x0000000725900000,0x00000007264ad618,0x0000000726d80000)
  to   space 20992K, 0% used [0x0000000724480000,0x0000000724480000,0x0000000725900000)
 ParOldGen       total 211456K, used 11529K [0x00000005cb400000, 0x00000005d8280000, 0x0000000719180000)
  object space 211456K, 5% used [0x00000005cb400000,0x00000005cbf424d8,0x00000005d8280000)
 Metaspace       used 34519K, capacity 35218K, committed 35416K, reserved 1081344K
  class space    used 4254K, capacity 4493K, committed 4608K, reserved 1048576K
}
Event: 1.888 GC heap before
{Heap before GC invocations=6 (full 2):
 PSYoungGen      total 204288K, used 11957K [0x0000000719180000, 0x0000000727200000, 0x00000007c0000000)
  eden space 183296K, 0% used [0x0000000719180000,0x0000000719180000,0x0000000724480000)
  from space 20992K, 56% used [0x0000000725900000,0x00000007264ad618,0x0000000726d80000)
  to   space 20992K, 0% used [0x0000000724480000,0x0000000724480000,0x0000000725900000)
 ParOldGen       total 211456K, used 11529K [0x00000005cb400000, 0x00000005d8280000, 0x0000000719180000)
  object space 211456K, 5% used [0x00000005cb400000,0x00000005cbf424d8,0x00000005d8280000)
 Metaspace       used 34519K, capacity 35218K, committed 35416K, reserved 1081344K
  class space    used 4254K, capacity 4493K, committed 4608K, reserved 1048576K
Event: 1.919 GC heap after
Heap after GC invocations=6 (full 2):
 PSYoungGen      total 204288K, used 0K [0x0000000719180000, 0x0000000727200000, 0x00000007c0000000)
  eden space 183296K, 0% used [0x0000000719180000,0x0000000719180000,0x0000000724480000)
  from space 20992K, 0% used [0x0000000725900000,0x0000000725900000,0x0000000726d80000)
  to   space 20992K, 0% used [0x0000000724480000,0x0000000724480000,0x0000000725900000)
 ParOldGen       total 353280K, used 20427K [0x00000005cb400000, 0x00000005e0d00000, 0x0000000719180000)
  object space 353280K, 5% used [0x00000005cb400000,0x00000005cc7f2db0,0x00000005e0d00000)
 Metaspace       used 34519K, capacity 35218K, committed 35416K, reserved 1081344K
  class space    used 4254K, capacity 4493K, committed 4608K, reserved 1048576K
}

